#
# There is insufficient memory for the Java Runtime Environment to continue.
# Native memory allocation (malloc) failed to allocate 2097152 bytes. Error detail: AllocateHeap
# Possible reasons:
#   The system is out of physical RAM or swap space
#   This process is running with CompressedOops enabled, and the Java Heap may be blocking the growth of the native heap
# Possible solutions:
#   Reduce memory load on the system
#   Increase physical memory or swap space
#   Check if swap backing store is full
#   Decrease Java heap size (-Xmx/-Xms)
#   Decrease number of Java threads
#   Decrease Java thread stack sizes (-Xss)
#   Set larger code cache with -XX:ReservedCodeCacheSize=
#   JVM is running with Unscaled Compressed Oops mode in which the Java heap is
#     placed in the first 4GB address space. The Java Heap base address is the
#     maximum limit for the native heap growth. Please use -XX:HeapBaseMinAddress
#     to set the Java Heap base and to place the Java Heap above 4GB virtual address.
# This output file may be truncated or incomplete.
#
#  Out of Memory Error (allocation.cpp:44), pid=23576, tid=21828
#
# JRE version: OpenJDK Runtime Environment Temurin-17.0.12+7 (17.0.12+7) (build 17.0.12+7)
# Java VM: OpenJDK 64-Bit Server VM Temurin-17.0.12+7 (17.0.12+7, mixed mode, emulated-client, tiered, compressed oops, compressed class ptrs, g1 gc, windows-amd64)
# No core dump will be written. Minidumps are not enabled by default on client versions of Windows
#

---------------  S U M M A R Y ------------

Command Line: -Xmx1024m -Dsts.lsp.client=vscode -Dsts.log.file=/dev/null -XX:TieredStopAtLevel=1 -Xlog:jni+resolve=off -Dspring.config.location=file:c:\Users\VM\.vscode\extensions\vmware.vscode-spring-boot-1.56.0\language-server\BOOT-INF\classes\application.properties org.springframework.ide.vscode.boot.app.BootLanguageServerBootApp

Host: Intel(R) Core(TM) i5-8265U CPU @ 1.60GHz, 8 cores, 6G,  Windows 11 , 64 bit Build 22621 (10.0.22621.3958)
Time: Sun Sep  8 12:55:43 2024 Hora estándar central (México) elapsed time: 68.282876 seconds (0d 0h 1m 8s)

---------------  T H R E A D  ---------------

Current thread (0x00000225b785c990):  VMThread "VM Thread" [stack: 0x000000a18f100000,0x000000a18f200000] [id=21828]

Stack: [0x000000a18f100000,0x000000a18f200000]
Native frames: (J=compiled Java code, j=interpreted, Vv=VM code, C=native code)
V  [jvm.dll+0x67f929]
V  [jvm.dll+0x8371ba]
V  [jvm.dll+0x838c7e]
V  [jvm.dll+0x8392e3]
V  [jvm.dll+0x24834f]
V  [jvm.dll+0xa70d3]
V  [jvm.dll+0x2f9101]
V  [jvm.dll+0x2f4d00]
V  [jvm.dll+0x2dd82f]
V  [jvm.dll+0x3201f7]
V  [jvm.dll+0x83d7dd]
V  [jvm.dll+0x83e522]
V  [jvm.dll+0x83ea4f]
V  [jvm.dll+0x83ee34]
V  [jvm.dll+0x83ef00]
V  [jvm.dll+0x7e65dc]
V  [jvm.dll+0x67e7f7]
C  [ucrtbase.dll+0x29333]
C  [KERNEL32.DLL+0x1257d]
C  [ntdll.dll+0x5af28]

VM_Operation (0x000000a1909fed60): G1CollectFull, mode: safepoint, requested by thread 0x00000225b7b4ae20


---------------  P R O C E S S  ---------------

Threads class SMR info:
_java_thread_list=0x00000225bc743a50, length=17, elements={
0x00000225b7872380, 0x00000225b7873110, 0x00000225b789b810, 0x00000225b789c0e0,
0x00000225b789e9c0, 0x00000225b78a1a50, 0x00000225b79f91a0, 0x00000225b7a03ad0,
0x00000225b7bfea10, 0x00000225b7bff340, 0x00000225bd312720, 0x00000225b7b4ae20,
0x00000225bc5e8030, 0x00000225aca19970, 0x00000225bd3ba310, 0x00000225bd07f0a0,
0x00000225bd512a80
}

Java Threads: ( => current thread )
  0x00000225b7872380 JavaThread "Reference Handler" daemon [_thread_blocked, id=15516, stack(0x000000a18f200000,0x000000a18f300000)]
  0x00000225b7873110 JavaThread "Finalizer" daemon [_thread_blocked, id=37976, stack(0x000000a18f300000,0x000000a18f400000)]
  0x00000225b789b810 JavaThread "Signal Dispatcher" daemon [_thread_blocked, id=26320, stack(0x000000a18f400000,0x000000a18f500000)]
  0x00000225b789c0e0 JavaThread "Attach Listener" daemon [_thread_blocked, id=33928, stack(0x000000a18f500000,0x000000a18f600000)]
  0x00000225b789e9c0 JavaThread "Service Thread" daemon [_thread_blocked, id=33368, stack(0x000000a18f600000,0x000000a18f700000)]
  0x00000225b78a1a50 JavaThread "Monitor Deflation Thread" daemon [_thread_blocked, id=32688, stack(0x000000a18f700000,0x000000a18f800000)]
  0x00000225b79f91a0 JavaThread "C1 CompilerThread0" daemon [_thread_blocked, id=37456, stack(0x000000a18f800000,0x000000a18f900000)]
  0x00000225b7a03ad0 JavaThread "Sweeper thread" daemon [_thread_blocked, id=32048, stack(0x000000a18f900000,0x000000a18fa00000)]
  0x00000225b7bfea10 JavaThread "Notification Thread" daemon [_thread_blocked, id=37404, stack(0x000000a18fd00000,0x000000a18fe00000)]
  0x00000225b7bff340 JavaThread "Common-Cleaner" daemon [_thread_blocked, id=5808, stack(0x000000a18ff00000,0x000000a190000000)]
  0x00000225bd312720 JavaThread "boundedElastic-evictor-1" daemon [_thread_blocked, id=33500, stack(0x000000a190500000,0x000000a190600000)]
  0x00000225b7b4ae20 JavaThread "pool-13-thread-1" [_thread_blocked, id=28312, stack(0x000000a190900000,0x000000a190a00000)]
  0x00000225bc5e8030 JavaThread "LanguageServerApp-lifecycle" [_thread_blocked, id=37396, stack(0x000000a190a00000,0x000000a190b00000)]
  0x00000225aca19970 JavaThread "DestroyJavaVM" [_thread_blocked, id=38188, stack(0x000000a18eb00000,0x000000a18ec00000)]
  0x00000225bd3ba310 JavaThread "pool-14-thread-1" [_thread_in_native, id=31888, stack(0x000000a190b00000,0x000000a190c00000)]
  0x00000225bd07f0a0 JavaThread "Simple-Language-Server main thread" daemon [_thread_blocked, id=32928, stack(0x000000a190c00000,0x000000a190d00000)]
  0x00000225bd512a80 JavaThread "pool-6-thread-1" [_thread_blocked, id=5776, stack(0x000000a190d00000,0x000000a190e00000)]

Other Threads:
=>0x00000225b785c990 VMThread "VM Thread" [stack: 0x000000a18f100000,0x000000a18f200000] [id=21828]
  0x00000225b7bfeef0 WatcherThread [stack: 0x000000a18fe00000,0x000000a18ff00000] [id=5140]
  0x00000225aca57cb0 GCTaskThread "GC Thread#0" [stack: 0x000000a18ec00000,0x000000a18ed00000] [id=27200]
  0x00000225bc843c70 GCTaskThread "GC Thread#1" [stack: 0x000000a190000000,0x000000a190100000] [id=36068]
  0x00000225bc862f80 GCTaskThread "GC Thread#2" [stack: 0x000000a190100000,0x000000a190200000] [id=33688]
  0x00000225bc8830a0 GCTaskThread "GC Thread#3" [stack: 0x000000a190200000,0x000000a190300000] [id=38496]
  0x00000225bca57040 GCTaskThread "GC Thread#4" [stack: 0x000000a190300000,0x000000a190400000] [id=12692]
  0x00000225bca57300 GCTaskThread "GC Thread#5" [stack: 0x000000a190400000,0x000000a190500000] [id=38184]
  0x00000225bcde8a40 GCTaskThread "GC Thread#6" [stack: 0x000000a190600000,0x000000a190700000] [id=25060]
  0x00000225bce0ad20 GCTaskThread "GC Thread#7" [stack: 0x000000a190700000,0x000000a190800000] [id=13768]
  0x00000225aca60b10 ConcurrentGCThread "G1 Main Marker" [stack: 0x000000a18ed00000,0x000000a18ee00000] [id=7580]
  0x00000225aca62bf0 ConcurrentGCThread "G1 Conc#0" [stack: 0x000000a18ee00000,0x000000a18ef00000] [id=20044]
  0x00000225bcdcf860 ConcurrentGCThread "G1 Conc#1" [stack: 0x000000a190800000,0x000000a190900000] [id=26132]
  0x00000225acab8930 ConcurrentGCThread "G1 Refine#0" [stack: 0x000000a18ef00000,0x000000a18f000000] [id=29272]
  0x00000225b76d0490 ConcurrentGCThread "G1 Service" [stack: 0x000000a18f000000,0x000000a18f100000] [id=32060]

Threads with active compile tasks:

VM state: at safepoint (normal execution)

VM Mutex/Monitor currently owned by a thread:  ([mutex/lock_event])
[0x00000225aa846bf0] Threads_lock - owner thread: 0x00000225b785c990
[0x00000225aca16200] Heap_lock - owner thread: 0x00000225b7b4ae20

Heap address: 0x00000000c0000000, size: 1024 MB, Compressed Oops mode: 32-bit

CDS archive(s) not mapped
Compressed class space mapped at: 0x0000000100000000-0x0000000140000000, reserved size: 1073741824
Narrow klass base: 0x0000000000000000, Narrow klass shift: 3, Narrow klass range: 0x140000000

GC Precious Log:
 CPUs: 8 total, 8 available
 Memory: 6808M
 Large Page Support: Disabled
 NUMA Support: Disabled
 Compressed Oops: Enabled (32-bit)
 Heap Region Size: 1M
 Heap Min Capacity: 8M
 Heap Initial Capacity: 108M
 Heap Max Capacity: 1G
 Pre-touch: Disabled
 Parallel Workers: 8
 Concurrent Workers: 2
 Concurrent Refinement Workers: 8
 Periodic GC: Disabled

Heap:
 garbage-first heap   total 75776K, used 28572K [0x00000000c0000000, 0x0000000100000000)
  region size 1024K, 1 young (1024K), 0 survivors (0K)
 Metaspace       used 40003K, committed 40448K, reserved 1114112K
  class space    used 5055K, committed 5248K, reserved 1048576K

Heap Regions: E=young(eden), S=young(survivor), O=old, HS=humongous(starts), HC=humongous(continues), CS=collection set, F=free, OA=open archive, CA=closed archive, TAMS=top-at-mark-start (previous, next)
|   0|0x00000000c0000000, 0x00000000c0100000, 0x00000000c0100000|100%|HS|  |TAMS 0x00000000c0100000, 0x00000000c0000000| Untracked 
|   1|0x00000000c0100000, 0x00000000c0200000, 0x00000000c0200000|100%|HC|  |TAMS 0x00000000c0200000, 0x00000000c0100000| Untracked 
|   2|0x00000000c0200000, 0x00000000c0300000, 0x00000000c0300000|100%|HC|  |TAMS 0x00000000c0300000, 0x00000000c0200000| Untracked 
|   3|0x00000000c0300000, 0x00000000c0400000, 0x00000000c0400000|100%|HC|  |TAMS 0x00000000c0400000, 0x00000000c0300000| Untracked 
|   4|0x00000000c0400000, 0x00000000c0500000, 0x00000000c0500000|100%|HS|  |TAMS 0x00000000c0500000, 0x00000000c0400000| Untracked 
|   5|0x00000000c0500000, 0x00000000c0600000, 0x00000000c0600000|100%|HC|  |TAMS 0x00000000c0600000, 0x00000000c0500000| Untracked 
|   6|0x00000000c0600000, 0x00000000c06f45a0, 0x00000000c0700000| 95%| O|  |TAMS 0x00000000c06f45a0, 0x00000000c0600000| Untracked 
|   7|0x00000000c0700000, 0x00000000c0800000, 0x00000000c0800000|100%| O|  |TAMS 0x00000000c0800000, 0x00000000c0700000| Untracked 
|   8|0x00000000c0800000, 0x00000000c08ffff8, 0x00000000c0900000| 99%| O|  |TAMS 0x00000000c08ffff8, 0x00000000c0800000| Untracked 
|   9|0x00000000c0900000, 0x00000000c0a00000, 0x00000000c0a00000|100%| O|  |TAMS 0x00000000c0a00000, 0x00000000c0900000| Untracked 
|  10|0x00000000c0a00000, 0x00000000c0b00000, 0x00000000c0b00000|100%| O|  |TAMS 0x00000000c0b00000, 0x00000000c0a00000| Untracked 
|  11|0x00000000c0b00000, 0x00000000c0c00000, 0x00000000c0c00000|100%| O|  |TAMS 0x00000000c0c00000, 0x00000000c0b00000| Untracked 
|  12|0x00000000c0c00000, 0x00000000c0cfffe8, 0x00000000c0d00000| 99%| O|  |TAMS 0x00000000c0cfffe8, 0x00000000c0c00000| Untracked 
|  13|0x00000000c0d00000, 0x00000000c0e00000, 0x00000000c0e00000|100%| O|  |TAMS 0x00000000c0e00000, 0x00000000c0d00000| Untracked 
|  14|0x00000000c0e00000, 0x00000000c0efff98, 0x00000000c0f00000| 99%| O|  |TAMS 0x00000000c0efff98, 0x00000000c0e00000| Untracked 
|  15|0x00000000c0f00000, 0x00000000c0ffffe8, 0x00000000c1000000| 99%| O|  |TAMS 0x00000000c0ffffe8, 0x00000000c0f00000| Untracked 
|  16|0x00000000c1000000, 0x00000000c10fffd8, 0x00000000c1100000| 99%| O|  |TAMS 0x00000000c10fffd8, 0x00000000c1000000| Untracked 
|  17|0x00000000c1100000, 0x00000000c11f3258, 0x00000000c1200000| 94%| O|  |TAMS 0x00000000c1100000, 0x00000000c1100000| Untracked 
|  18|0x00000000c1200000, 0x00000000c12ffff0, 0x00000000c1300000| 99%| O|  |TAMS 0x00000000c12ffff0, 0x00000000c1200000| Untracked 
|  19|0x00000000c1300000, 0x00000000c1400000, 0x00000000c1400000|100%| O|  |TAMS 0x00000000c1400000, 0x00000000c1300000| Untracked 
|  20|0x00000000c1400000, 0x00000000c1500000, 0x00000000c1500000|100%| O|  |TAMS 0x00000000c1500000, 0x00000000c1400000| Untracked 
|  21|0x00000000c1500000, 0x00000000c1600000, 0x00000000c1600000|100%| O|  |TAMS 0x00000000c1600000, 0x00000000c1500000| Untracked 
|  22|0x00000000c1600000, 0x00000000c16fffe8, 0x00000000c1700000| 99%| O|  |TAMS 0x00000000c16fffe8, 0x00000000c1600000| Untracked 
|  23|0x00000000c1700000, 0x00000000c17ffff8, 0x00000000c1800000| 99%| O|  |TAMS 0x00000000c17ffff8, 0x00000000c1700000| Untracked 
|  24|0x00000000c1800000, 0x00000000c1900000, 0x00000000c1900000|100%| O|  |TAMS 0x00000000c1900000, 0x00000000c1800000| Untracked 
|  25|0x00000000c1900000, 0x00000000c1a00000, 0x00000000c1a00000|100%| O|  |TAMS 0x00000000c1a00000, 0x00000000c1900000| Untracked 
|  26|0x00000000c1a00000, 0x00000000c1aff9c8, 0x00000000c1b00000| 99%| O|  |TAMS 0x00000000c1a00000, 0x00000000c1a00000| Untracked 
|  27|0x00000000c1b00000, 0x00000000c1bfffe0, 0x00000000c1c00000| 99%| O|  |TAMS 0x00000000c1bfffe0, 0x00000000c1b00000| Untracked 
|  28|0x00000000c1c00000, 0x00000000c1c00000, 0x00000000c1d00000|  0%| F|  |TAMS 0x00000000c1c00000, 0x00000000c1c00000| Untracked 
|  29|0x00000000c1d00000, 0x00000000c1d00000, 0x00000000c1e00000|  0%| F|  |TAMS 0x00000000c1d00000, 0x00000000c1d00000| Untracked 
|  30|0x00000000c1e00000, 0x00000000c1e00000, 0x00000000c1f00000|  0%| F|  |TAMS 0x00000000c1e00000, 0x00000000c1e00000| Untracked 
|  31|0x00000000c1f00000, 0x00000000c1f00000, 0x00000000c2000000|  0%| F|  |TAMS 0x00000000c1f00000, 0x00000000c1f00000| Untracked 
|  32|0x00000000c2000000, 0x00000000c2000000, 0x00000000c2100000|  0%| F|  |TAMS 0x00000000c2000000, 0x00000000c2000000| Untracked 
|  33|0x00000000c2100000, 0x00000000c2100000, 0x00000000c2200000|  0%| F|  |TAMS 0x00000000c2100000, 0x00000000c2100000| Untracked 
|  34|0x00000000c2200000, 0x00000000c2200000, 0x00000000c2300000|  0%| F|  |TAMS 0x00000000c2200000, 0x00000000c2200000| Untracked 
|  35|0x00000000c2300000, 0x00000000c2300000, 0x00000000c2400000|  0%| F|  |TAMS 0x00000000c2300000, 0x00000000c2300000| Untracked 
|  36|0x00000000c2400000, 0x00000000c2400000, 0x00000000c2500000|  0%| F|  |TAMS 0x00000000c2400000, 0x00000000c2400000| Untracked 
|  37|0x00000000c2500000, 0x00000000c2500000, 0x00000000c2600000|  0%| F|  |TAMS 0x00000000c2500000, 0x00000000c2500000| Untracked 
|  38|0x00000000c2600000, 0x00000000c2600000, 0x00000000c2700000|  0%| F|  |TAMS 0x00000000c2600000, 0x00000000c2600000| Untracked 
|  39|0x00000000c2700000, 0x00000000c2700000, 0x00000000c2800000|  0%| F|  |TAMS 0x00000000c2700000, 0x00000000c2700000| Untracked 
|  40|0x00000000c2800000, 0x00000000c2800000, 0x00000000c2900000|  0%| F|  |TAMS 0x00000000c2800000, 0x00000000c2800000| Untracked 
|  41|0x00000000c2900000, 0x00000000c2900000, 0x00000000c2a00000|  0%| F|  |TAMS 0x00000000c2900000, 0x00000000c2900000| Untracked 
|  42|0x00000000c2a00000, 0x00000000c2a00000, 0x00000000c2b00000|  0%| F|  |TAMS 0x00000000c2a00000, 0x00000000c2a00000| Untracked 
|  43|0x00000000c2b00000, 0x00000000c2b00000, 0x00000000c2c00000|  0%| F|  |TAMS 0x00000000c2b00000, 0x00000000c2b00000| Untracked 
|  44|0x00000000c2c00000, 0x00000000c2c00000, 0x00000000c2d00000|  0%| F|  |TAMS 0x00000000c2c00000, 0x00000000c2c00000| Untracked 
|  45|0x00000000c2d00000, 0x00000000c2d00000, 0x00000000c2e00000|  0%| F|  |TAMS 0x00000000c2d00000, 0x00000000c2d00000| Untracked 
|  46|0x00000000c2e00000, 0x00000000c2e00000, 0x00000000c2f00000|  0%| F|  |TAMS 0x00000000c2e00000, 0x00000000c2e00000| Untracked 
|  47|0x00000000c2f00000, 0x00000000c2f00000, 0x00000000c3000000|  0%| F|  |TAMS 0x00000000c2f00000, 0x00000000c2f00000| Untracked 
|  48|0x00000000c3000000, 0x00000000c3000000, 0x00000000c3100000|  0%| F|  |TAMS 0x00000000c3000000, 0x00000000c3000000| Untracked 
|  49|0x00000000c3100000, 0x00000000c3100000, 0x00000000c3200000|  0%| F|  |TAMS 0x00000000c3100000, 0x00000000c3100000| Untracked 
|  50|0x00000000c3200000, 0x00000000c3200000, 0x00000000c3300000|  0%| F|  |TAMS 0x00000000c3200000, 0x00000000c3200000| Untracked 
|  51|0x00000000c3300000, 0x00000000c3300000, 0x00000000c3400000|  0%| F|  |TAMS 0x00000000c3300000, 0x00000000c3300000| Untracked 
|  52|0x00000000c3400000, 0x00000000c3400000, 0x00000000c3500000|  0%| F|  |TAMS 0x00000000c3400000, 0x00000000c3400000| Untracked 
|  53|0x00000000c3500000, 0x00000000c3500000, 0x00000000c3600000|  0%| F|  |TAMS 0x00000000c3500000, 0x00000000c3500000| Untracked 
|  54|0x00000000c3600000, 0x00000000c3600000, 0x00000000c3700000|  0%| F|  |TAMS 0x00000000c3600000, 0x00000000c3600000| Untracked 
|  55|0x00000000c3700000, 0x00000000c3700000, 0x00000000c3800000|  0%| F|  |TAMS 0x00000000c3700000, 0x00000000c3700000| Untracked 
|  56|0x00000000c3800000, 0x00000000c3800000, 0x00000000c3900000|  0%| F|  |TAMS 0x00000000c3800000, 0x00000000c3800000| Untracked 
|  57|0x00000000c3900000, 0x00000000c3900000, 0x00000000c3a00000|  0%| F|  |TAMS 0x00000000c3900000, 0x00000000c3900000| Untracked 
|  58|0x00000000c3a00000, 0x00000000c3a00000, 0x00000000c3b00000|  0%| F|  |TAMS 0x00000000c3a00000, 0x00000000c3a00000| Untracked 
|  59|0x00000000c3b00000, 0x00000000c3b00000, 0x00000000c3c00000|  0%| F|  |TAMS 0x00000000c3b00000, 0x00000000c3b00000| Untracked 
|  60|0x00000000c3c00000, 0x00000000c3c00000, 0x00000000c3d00000|  0%| F|  |TAMS 0x00000000c3c00000, 0x00000000c3c00000| Untracked 
|  61|0x00000000c3d00000, 0x00000000c3d00000, 0x00000000c3e00000|  0%| F|  |TAMS 0x00000000c3d00000, 0x00000000c3d00000| Untracked 
|  62|0x00000000c3e00000, 0x00000000c3e00000, 0x00000000c3f00000|  0%| F|  |TAMS 0x00000000c3e00000, 0x00000000c3e00000| Untracked 
|  63|0x00000000c3f00000, 0x00000000c3f00000, 0x00000000c4000000|  0%| F|  |TAMS 0x00000000c3f00000, 0x00000000c3f00000| Untracked 
|  64|0x00000000c4000000, 0x00000000c4000000, 0x00000000c4100000|  0%| F|  |TAMS 0x00000000c4000000, 0x00000000c4000000| Untracked 
|  65|0x00000000c4100000, 0x00000000c4100000, 0x00000000c4200000|  0%| F|  |TAMS 0x00000000c4100000, 0x00000000c4100000| Untracked 
|  66|0x00000000c4200000, 0x00000000c4200000, 0x00000000c4300000|  0%| F|  |TAMS 0x00000000c4200000, 0x00000000c4200000| Untracked 
|  67|0x00000000c4300000, 0x00000000c4300000, 0x00000000c4400000|  0%| F|  |TAMS 0x00000000c4300000, 0x00000000c4300000| Untracked 
|  68|0x00000000c4400000, 0x00000000c4400000, 0x00000000c4500000|  0%| F|  |TAMS 0x00000000c4400000, 0x00000000c4400000| Untracked 
|  69|0x00000000c4500000, 0x00000000c4500000, 0x00000000c4600000|  0%| F|  |TAMS 0x00000000c4500000, 0x00000000c4500000| Untracked 
|  70|0x00000000c4600000, 0x00000000c4600000, 0x00000000c4700000|  0%| F|  |TAMS 0x00000000c4600000, 0x00000000c4600000| Untracked 
|  71|0x00000000c4700000, 0x00000000c4700000, 0x00000000c4800000|  0%| F|  |TAMS 0x00000000c4700000, 0x00000000c4700000| Untracked 
|  72|0x00000000c4800000, 0x00000000c4800000, 0x00000000c4900000|  0%| F|  |TAMS 0x00000000c4800000, 0x00000000c4800000| Untracked 
| 107|0x00000000c6b00000, 0x00000000c6b22928, 0x00000000c6c00000| 13%| E|  |TAMS 0x00000000c6b00000, 0x00000000c6b00000| Complete 

Card table byte_map: [0x00000225b29b0000,0x00000225b2bb0000] _byte_map_base: 0x00000225b23b0000

Marking Bits (Prev, Next): (CMBitMap*) 0x00000225aca581e0, (CMBitMap*) 0x00000225aca58220
 Prev Bits: [0x00000225b2db0000, 0x00000225b3db0000)
 Next Bits: [0x00000225b3db0000, 0x00000225b4db0000)

Polling page: 0x00000225ac1c0000

Metaspace:

Usage:
  Non-class:     34.13 MB used.
      Class:      4.94 MB used.
       Both:     39.07 MB used.

Virtual space:
  Non-class space:       64.00 MB reserved,      34.38 MB ( 54%) committed,  1 nodes.
      Class space:        1.00 GB reserved,       5.12 MB ( <1%) committed,  1 nodes.
             Both:        1.06 GB reserved,      39.50 MB (  4%) committed. 

Chunk freelists:
   Non-Class:  12.86 MB
       Class:  10.83 MB
        Both:  23.68 MB

MaxMetaspaceSize: unlimited
CompressedClassSpaceSize: 1.00 GB
Initial GC threshold: 21.00 MB
Current GC threshold: 65.88 MB
CDS: off
MetaspaceReclaimPolicy: balanced
 - commit_granule_bytes: 65536.
 - commit_granule_words: 8192.
 - virtual_space_node_default_size: 8388608.
 - enlarge_chunks_in_place: 1.
 - new_chunks_are_fully_committed: 0.
 - uncommit_free_chunks: 1.
 - use_allocation_guard: 0.
 - handle_deallocations: 1.


Internal statistics:

num_allocs_failed_limit: 8.
num_arena_births: 482.
num_arena_deaths: 16.
num_vsnodes_births: 2.
num_vsnodes_deaths: 0.
num_space_committed: 631.
num_space_uncommitted: 0.
num_chunks_returned_to_freelist: 25.
num_chunks_taken_from_freelist: 1665.
num_chunk_merges: 12.
num_chunk_splits: 1158.
num_chunks_enlarged: 875.
num_inconsistent_stats: 0.

CodeCache: size=49152Kb used=6774Kb max_used=8453Kb free=42377Kb
 bounds [0x00000225af6a0000, 0x00000225afef0000, 0x00000225b26a0000]
 total_blobs=4197 nmethods=3651 adapters=473
 compilation: enabled
              stopped_count=0, restarted_count=0
 full_count=0

Compilation events (20 events):
Event: 7.391 Thread 0x00000225b7bfa8c0 3640       1       java.lang.Class::isRecord (33 bytes)
Event: 7.392 Thread 0x00000225b7bfa8c0 nmethod 3640 0x00000225afedeb10 code [0x00000225afedecc0, 0x00000225afedee18]
Event: 7.392 Thread 0x00000225b7bfa8c0 3641       1       com.google.gson.stream.JsonReader::nextName (116 bytes)
Event: 7.393 Thread 0x00000225b7bfa8c0 nmethod 3641 0x00000225afedee90 code [0x00000225afedf0e0, 0x00000225afedf6c8]
Event: 7.403 Thread 0x00000225b79f91a0 3642       1       java.lang.Long::longValue (5 bytes)
Event: 7.403 Thread 0x00000225b79f91a0 nmethod 3642 0x00000225afedfa10 code [0x00000225afedfba0, 0x00000225afedfc78]
Event: 7.406 Thread 0x00000225b79f91a0 3643       1       com.google.common.base.Preconditions::checkNotNull (14 bytes)
Event: 7.407 Thread 0x00000225b79f91a0 nmethod 3643 0x00000225afedfd10 code [0x00000225afedfea0, 0x00000225afedffc8]
Event: 7.408 Thread 0x00000225b7bfe320 3644       1       java.lang.reflect.Field::get (29 bytes)
Event: 7.408 Thread 0x00000225b7bfde00 3645       1       com.google.gson.stream.JsonWriter::name (46 bytes)
Event: 7.409 Thread 0x00000225b7bfde00 nmethod 3645 0x00000225afee0090 code [0x00000225afee0260, 0x00000225afee0568]
Event: 7.409 Thread 0x00000225b7bfe320 nmethod 3644 0x00000225afee0690 code [0x00000225afee0860, 0x00000225afee0a58]
Event: 7.426 Thread 0x00000225b7bfe320 3646       1       com.google.gson.stream.JsonReader::nextName (116 bytes)
Event: 7.428 Thread 0x00000225b7bfe320 nmethod 3646 0x00000225afee0b90 code [0x00000225afee0de0, 0x00000225afee13c8]
Event: 16.893 Thread 0x00000225b79f91a0 3647       1       java.util.ArrayList::<init> (63 bytes)
Event: 16.893 Thread 0x00000225b79f91a0 nmethod 3647 0x00000225af95d110 code [0x00000225af95d2e0, 0x00000225af95d5b8]
Event: 47.000 Thread 0x00000225b79f91a0 3649       1       java.lang.invoke.MethodHandles::argumentsWithCombinerChecks (197 bytes)
Event: 47.002 Thread 0x00000225b79f91a0 nmethod 3649 0x00000225af95bd90 code [0x00000225af95c080, 0x00000225af95c9f8]
Event: 47.002 Thread 0x00000225b79f91a0 3648       1       java.lang.invoke.MethodHandles::argumentsWithCombiner (130 bytes)
Event: 47.002 Thread 0x00000225b79f91a0 nmethod 3648 0x00000225af95b190 code [0x00000225af95b3a0, 0x00000225af95b878]

GC Heap History (19 events):
Event: 1.371 GC heap before
{Heap before GC invocations=0 (full 0):
 garbage-first heap   total 110592K, used 28672K [0x00000000c0000000, 0x0000000100000000)
  region size 1024K, 23 young (23552K), 0 survivors (0K)
 Metaspace       used 7857K, committed 8000K, reserved 1114112K
  class space    used 839K, committed 896K, reserved 1048576K
}
Event: 1.385 GC heap after
{Heap after GC invocations=1 (full 0):
 garbage-first heap   total 110592K, used 15524K [0x00000000c0000000, 0x0000000100000000)
  region size 1024K, 3 young (3072K), 3 survivors (3072K)
 Metaspace       used 7857K, committed 8000K, reserved 1114112K
  class space    used 839K, committed 896K, reserved 1048576K
}
Event: 2.237 GC heap before
{Heap before GC invocations=1 (full 0):
 garbage-first heap   total 110592K, used 38052K [0x00000000c0000000, 0x0000000100000000)
  region size 1024K, 25 young (25600K), 3 survivors (3072K)
 Metaspace       used 13477K, committed 13696K, reserved 1114112K
  class space    used 1658K, committed 1792K, reserved 1048576K
}
Event: 2.247 GC heap after
{Heap after GC invocations=2 (full 0):
 garbage-first heap   total 110592K, used 17271K [0x00000000c0000000, 0x0000000100000000)
  region size 1024K, 2 young (2048K), 2 survivors (2048K)
 Metaspace       used 13477K, committed 13696K, reserved 1114112K
  class space    used 1658K, committed 1792K, reserved 1048576K
}
Event: 3.236 GC heap before
{Heap before GC invocations=2 (full 0):
 garbage-first heap   total 110592K, used 53111K [0x00000000c0000000, 0x0000000100000000)
  region size 1024K, 39 young (39936K), 2 survivors (2048K)
 Metaspace       used 21266K, committed 21504K, reserved 1114112K
  class space    used 2606K, committed 2752K, reserved 1048576K
}
Event: 3.248 GC heap after
{Heap after GC invocations=3 (full 0):
 garbage-first heap   total 110592K, used 20494K [0x00000000c0000000, 0x0000000100000000)
  region size 1024K, 5 young (5120K), 5 survivors (5120K)
 Metaspace       used 21266K, committed 21504K, reserved 1114112K
  class space    used 2606K, committed 2752K, reserved 1048576K
}
Event: 4.183 GC heap before
{Heap before GC invocations=4 (full 0):
 garbage-first heap   total 75776K, used 57358K [0x00000000c0000000, 0x0000000100000000)
  region size 1024K, 42 young (43008K), 5 survivors (5120K)
 Metaspace       used 27667K, committed 27904K, reserved 1114112K
  class space    used 3461K, committed 3584K, reserved 1048576K
}
Event: 4.200 GC heap after
{Heap after GC invocations=5 (full 0):
 garbage-first heap   total 75776K, used 23557K [0x00000000c0000000, 0x0000000100000000)
  region size 1024K, 4 young (4096K), 4 survivors (4096K)
 Metaspace       used 27667K, committed 27904K, reserved 1114112K
  class space    used 3461K, committed 3584K, reserved 1048576K
}
Event: 5.705 GC heap before
{Heap before GC invocations=5 (full 0):
 garbage-first heap   total 75776K, used 48133K [0x00000000c0000000, 0x0000000100000000)
  region size 1024K, 29 young (29696K), 4 survivors (4096K)
 Metaspace       used 31628K, committed 32000K, reserved 1114112K
  class space    used 4003K, committed 4160K, reserved 1048576K
}
Event: 5.717 GC heap after
{Heap after GC invocations=6 (full 0):
 garbage-first heap   total 75776K, used 25440K [0x00000000c0000000, 0x0000000100000000)
  region size 1024K, 2 young (2048K), 2 survivors (2048K)
 Metaspace       used 31628K, committed 32000K, reserved 1114112K
  class space    used 4003K, committed 4160K, reserved 1048576K
}
Event: 6.404 GC heap before
{Heap before GC invocations=6 (full 0):
 garbage-first heap   total 75776K, used 53088K [0x00000000c0000000, 0x0000000100000000)
  region size 1024K, 28 young (28672K), 2 survivors (2048K)
 Metaspace       used 35555K, committed 35904K, reserved 1114112K
  class space    used 4383K, committed 4544K, reserved 1048576K
}
Event: 6.416 GC heap after
{Heap after GC invocations=7 (full 0):
 garbage-first heap   total 75776K, used 28499K [0x00000000c0000000, 0x0000000100000000)
  region size 1024K, 4 young (4096K), 4 survivors (4096K)
 Metaspace       used 35555K, committed 35904K, reserved 1114112K
  class space    used 4383K, committed 4544K, reserved 1048576K
}
Event: 6.468 GC heap before
{Heap before GC invocations=7 (full 0):
 garbage-first heap   total 75776K, used 29523K [0x00000000c0000000, 0x0000000100000000)
  region size 1024K, 6 young (6144K), 4 survivors (4096K)
 Metaspace       used 35718K, committed 36096K, reserved 1114112K
  class space    used 4404K, committed 4608K, reserved 1048576K
}
Event: 6.475 GC heap after
{Heap after GC invocations=8 (full 0):
 garbage-first heap   total 75776K, used 29248K [0x00000000c0000000, 0x0000000100000000)
  region size 1024K, 1 young (1024K), 1 survivors (1024K)
 Metaspace       used 35718K, committed 36096K, reserved 1114112K
  class space    used 4404K, committed 4608K, reserved 1048576K
}
Event: 47.383 GC heap before
{Heap before GC invocations=9 (full 0):
 garbage-first heap   total 75776K, used 52800K [0x00000000c0000000, 0x0000000100000000)
  region size 1024K, 25 young (25600K), 1 survivors (1024K)
 Metaspace       used 40021K, committed 40448K, reserved 1114112K
  class space    used 5059K, committed 5248K, reserved 1048576K
}
Event: 47.462 GC heap after
{Heap after GC invocations=10 (full 1):
 garbage-first heap   total 75776K, used 28629K [0x00000000c0000000, 0x0000000100000000)
  region size 1024K, 0 young (0K), 0 survivors (0K)
 Metaspace       used 40021K, committed 40448K, reserved 1114112K
  class space    used 5059K, committed 5248K, reserved 1048576K
}
Event: 57.783 GC heap before
{Heap before GC invocations=10 (full 1):
 garbage-first heap   total 75776K, used 28629K [0x00000000c0000000, 0x0000000100000000)
  region size 1024K, 1 young (1024K), 0 survivors (0K)
 Metaspace       used 40021K, committed 40448K, reserved 1114112K
  class space    used 5059K, committed 5248K, reserved 1048576K
}
Event: 57.822 GC heap after
{Heap after GC invocations=11 (full 2):
 garbage-first heap   total 75776K, used 28572K [0x00000000c0000000, 0x0000000100000000)
  region size 1024K, 0 young (0K), 0 survivors (0K)
 Metaspace       used 40003K, committed 40448K, reserved 1114112K
  class space    used 5055K, committed 5248K, reserved 1048576K
}
Event: 68.272 GC heap before
{Heap before GC invocations=11 (full 2):
 garbage-first heap   total 75776K, used 28572K [0x00000000c0000000, 0x0000000100000000)
  region size 1024K, 1 young (1024K), 0 survivors (0K)
 Metaspace       used 40003K, committed 40448K, reserved 1114112K
  class space    used 5055K, committed 5248K, reserved 1048576K
}

Dll operation events (8 events):
Event: 0.023 Loaded shared library c:\Users\VM\.vscode\extensions\redhat.java-1.35.2024083008-win32-x64\jre\17.0.12-win32-x86_64\bin\java.dll
Event: 0.519 Loaded shared library C:\Users\VM\.vscode\extensions\redhat.java-1.35.2024083008-win32-x64\jre\17.0.12-win32-x86_64\bin\net.dll
Event: 0.525 Loaded shared library C:\Users\VM\.vscode\extensions\redhat.java-1.35.2024083008-win32-x64\jre\17.0.12-win32-x86_64\bin\nio.dll
Event: 0.535 Loaded shared library C:\Users\VM\.vscode\extensions\redhat.java-1.35.2024083008-win32-x64\jre\17.0.12-win32-x86_64\bin\zip.dll
Event: 0.885 Loaded shared library C:\Users\VM\.vscode\extensions\redhat.java-1.35.2024083008-win32-x64\jre\17.0.12-win32-x86_64\bin\jimage.dll
Event: 3.191 Loaded shared library c:\Users\VM\.vscode\extensions\redhat.java-1.35.2024083008-win32-x64\jre\17.0.12-win32-x86_64\bin\verify.dll
Event: 7.015 Loaded shared library C:\Users\VM\.vscode\extensions\redhat.java-1.35.2024083008-win32-x64\jre\17.0.12-win32-x86_64\bin\management.dll
Event: 7.023 Loaded shared library C:\Users\VM\.vscode\extensions\redhat.java-1.35.2024083008-win32-x64\jre\17.0.12-win32-x86_64\bin\management_ext.dll

Deoptimization events (4 events):
Event: 7.395 Thread 0x00000225bd3ba310 DEOPT PACKING pc=0x00000225afc7ec01 sp=0x000000a190bfdc10
Event: 7.395 Thread 0x00000225bd3ba310 DEOPT UNPACKING pc=0x00000225af6f7143 sp=0x000000a190bfd0a0 mode 3
Event: 7.413 Thread 0x00000225bd07f0a0 DEOPT PACKING pc=0x00000225afc63597 sp=0x000000a190cfec90
Event: 7.413 Thread 0x00000225bd07f0a0 DEOPT UNPACKING pc=0x00000225af6f7143 sp=0x000000a190cfe0e8 mode 3

Classes loaded (20 events):
Event: 7.394 Loading class java/util/concurrent/locks/AbstractQueuedSynchronizer$ExclusiveNode
Event: 7.395 Loading class java/util/concurrent/locks/AbstractQueuedSynchronizer$ExclusiveNode done
Event: 7.400 Loading class java/util/concurrent/CompletableFuture$AsyncRun
Event: 7.400 Loading class java/util/concurrent/CompletableFuture$AsyncRun done
Event: 7.403 Loading class java/util/concurrent/ConcurrentHashMap$ValueSpliterator
Event: 7.403 Loading class java/util/concurrent/ConcurrentHashMap$ValueSpliterator done
Event: 7.409 Loading class java/util/concurrent/CompletableFuture$UniRelay
Event: 7.409 Loading class java/util/concurrent/CompletableFuture$UniRelay done
Event: 47.001 Loading class java/lang/ProcessBuilder
Event: 47.002 Loading class java/lang/ProcessBuilder done
Event: 47.002 Loading class java/lang/ProcessImpl
Event: 47.003 Loading class java/lang/ProcessImpl done
Event: 47.032 Loading class java/lang/ProcessImpl$2
Event: 47.032 Loading class java/lang/ProcessImpl$2 done
Event: 47.033 Loading class java/lang/Process$PipeInputStream
Event: 47.033 Loading class java/lang/Process$PipeInputStream done
Event: 47.034 Loading class jdk/internal/event/ProcessStartEvent
Event: 47.035 Loading class jdk/internal/event/ProcessStartEvent done
Event: 47.383 Loading class java/io/FileOutputStream$1
Event: 47.383 Loading class java/io/FileOutputStream$1 done

Classes unloaded (8 events):
Event: 57.803 Thread 0x00000225b785c990 Unloading class 0x000000010008ac00 'java/lang/invoke/LambdaForm$MH+0x000000010008ac00'
Event: 57.803 Thread 0x00000225b785c990 Unloading class 0x000000010008a400 'java/lang/invoke/LambdaForm$MH+0x000000010008a400'
Event: 57.803 Thread 0x00000225b785c990 Unloading class 0x000000010008a000 'java/lang/invoke/LambdaForm$MH+0x000000010008a000'
Event: 57.803 Thread 0x00000225b785c990 Unloading class 0x0000000100089c00 'java/lang/invoke/LambdaForm$MH+0x0000000100089c00'
Event: 57.803 Thread 0x00000225b785c990 Unloading class 0x0000000100089800 'java/lang/invoke/LambdaForm$MH+0x0000000100089800'
Event: 57.803 Thread 0x00000225b785c990 Unloading class 0x0000000100089400 'java/lang/invoke/LambdaForm$MH+0x0000000100089400'
Event: 57.803 Thread 0x00000225b785c990 Unloading class 0x0000000100088c00 'java/lang/invoke/LambdaForm$MH+0x0000000100088c00'
Event: 57.803 Thread 0x00000225b785c990 Unloading class 0x0000000100088400 'java/lang/invoke/LambdaForm$MH+0x0000000100088400'

Classes redefined (0 events):
No events

Internal exceptions (20 events):
Event: 4.941 Thread 0x00000225aca19970 Exception <a 'java/lang/NoSuchMethodError'{0x00000000c3da0ff8}: 'int java.lang.invoke.Invokers$Holder.linkToTargetMethod(java.lang.Object, java.lang.Object)'> (0x00000000c3da0ff8) 
thrown [s\src\hotspot\share\interpreter\linkResolver.cpp, line 759]
Event: 4.980 Thread 0x00000225aca19970 Exception <a 'java/lang/NoSuchMethodError'{0x00000000c3c91820}: 'java.lang.Object java.lang.invoke.DirectMethodHandle$Holder.invokeSpecial(java.lang.Object, java.lang.Object, java.lang.Object, java.lang.Object, java.lang.Object, java.lang.Object, java.lang.Object, java.lang.Object, java.lang.Object, java.lang.Object)'> (0x00000000c3c91820) 
thrown [s\src\hotspot\share\interpreter\linkResolver.cpp, line 759]
Event: 4.981 Thread 0x00000225aca19970 Exception <a 'java/lang/NoSuchMethodError'{0x00000000c3c95e08}: 'java.lang.Object java.lang.invoke.Invokers$Holder.invoke_MT(java.lang.Object, java.lang.Object, java.lang.Object, java.lang.Object, java.lang.Object, java.lang.Object, java.lang.Object, java.lang.Object, java.lang.Object, java.lang.Object)'> (0x00000000c3c95e08) 
thrown [s\src\hotspot\share\interpreter\linkResolver.cpp, line 759]
Event: 4.990 Thread 0x00000225aca19970 Exception <a 'java/lang/NoSuchMethodError'{0x00000000c3cdde08}: 'java.lang.Object java.lang.invoke.DirectMethodHandle$Holder.invokeSpecial(java.lang.Object, java.lang.Object, int, java.lang.Object, java.lang.Object)'> (0x00000000c3cdde08) 
thrown [s\src\hotspot\share\interpreter\linkResolver.cpp, line 759]
Event: 4.990 Thread 0x00000225aca19970 Exception <a 'java/lang/NoSuchMethodError'{0x00000000c3ce1ab0}: 'java.lang.Object java.lang.invoke.DelegatingMethodHandle$Holder.delegate(java.lang.Object, int, java.lang.Object, java.lang.Object)'> (0x00000000c3ce1ab0) 
thrown [s\src\hotspot\share\interpreter\linkResolver.cpp, line 759]
Event: 4.993 Thread 0x00000225aca19970 Exception <a 'java/lang/NoSuchMethodError'{0x00000000c3cf2918}: 'int java.lang.invoke.Invokers$Holder.linkToTargetMethod(java.lang.Object, java.lang.Object, java.lang.Object)'> (0x00000000c3cf2918) 
thrown [s\src\hotspot\share\interpreter\linkResolver.cpp, line 759]
Event: 5.171 Thread 0x00000225aca19970 Exception <a 'java/lang/NoSuchMethodError'{0x00000000c37cbd68}: 'java.lang.Object java.lang.invoke.DirectMethodHandle$Holder.invokeStaticInit(java.lang.Object, int, int, int, int)'> (0x00000000c37cbd68) 
thrown [s\src\hotspot\share\interpreter\linkResolver.cpp, line 759]
Event: 5.555 Thread 0x00000225aca19970 Exception <a 'java/lang/NoSuchMethodError'{0x00000000c36b6c70}: 'java.lang.Object java.lang.invoke.DirectMethodHandle$Holder.invokeStaticInit(java.lang.Object, java.lang.Object, int, int, int, int)'> (0x00000000c36b6c70) 
thrown [s\src\hotspot\share\interpreter\linkResolver.cpp, line 759]
Event: 5.829 Thread 0x00000225aca19970 Exception <a 'java/lang/NoSuchMethodError'{0x00000000c466ba50}: 'void java.lang.invoke.DirectMethodHandle$Holder.invokeSpecialIFC(java.lang.Object, java.lang.Object, java.lang.Object)'> (0x00000000c466ba50) 
thrown [s\src\hotspot\share\interpreter\linkResolver.cpp, line 759]
Event: 6.442 Thread 0x00000225aca19970 Exception <a 'java/lang/NoSuchMethodError'{0x00000000c6bb2540}: 'int java.lang.invoke.DirectMethodHandle$Holder.invokeStaticInit(java.lang.Object, java.lang.Object, int, java.lang.Object)'> (0x00000000c6bb2540) 
thrown [s\src\hotspot\share\interpreter\linkResolver.cpp, line 759]
Event: 6.534 Thread 0x00000225aca19970 Exception <a 'java/lang/NoSuchMethodError'{0x00000000c6bcf1f8}: 'void java.lang.invoke.DirectMethodHandle$Holder.invokeSpecial(java.lang.Object, java.lang.Object, java.lang.Object, java.lang.Object, java.lang.Object, java.lang.Object, java.lang.Object)'> (0x00000000c6bcf1f8) 
thrown [s\src\hotspot\share\interpreter\linkResolver.cpp, line 759]
Event: 6.796 Thread 0x00000225aca19970 Exception <a 'java/lang/NoSuchMethodError'{0x00000000c421d380}: 'java.lang.Object java.lang.invoke.DirectMethodHandle$Holder.invokeInterface(java.lang.Object, java.lang.Object, int)'> (0x00000000c421d380) 
thrown [s\src\hotspot\share\interpreter\linkResolver.cpp, line 759]
Event: 6.799 Thread 0x00000225aca19970 Exception <a 'java/lang/IncompatibleClassChangeError'{0x00000000c4234088}: Found class java.lang.Object, but interface was expected> (0x00000000c4234088) 
thrown [s\src\hotspot\share\interpreter\linkResolver.cpp, line 826]
Event: 7.001 Thread 0x00000225aca19970 Exception <a 'java/lang/NoSuchMethodError'{0x00000000c3c455e0}: 'java.lang.Object java.lang.invoke.DirectMethodHandle$Holder.newInvokeSpecial(java.lang.Object, java.lang.Object, int, java.lang.Object, java.lang.Object)'> (0x00000000c3c455e0) 
thrown [s\src\hotspot\share\interpreter\linkResolver.cpp, line 759]
Event: 7.003 Thread 0x00000225aca19970 Exception <a 'java/lang/NoSuchMethodError'{0x00000000c3c5c5a8}: 'java.lang.Object java.lang.invoke.DirectMethodHandle$Holder.newInvokeSpecial(java.lang.Object, java.lang.Object, java.lang.Object, int)'> (0x00000000c3c5c5a8) 
thrown [s\src\hotspot\share\interpreter\linkResolver.cpp, line 759]
Event: 7.004 Thread 0x00000225aca19970 Exception <a 'java/lang/NoSuchMethodError'{0x00000000c3c60890}: 'java.lang.Object java.lang.invoke.DirectMethodHandle$Holder.invokeSpecial(java.lang.Object, java.lang.Object, java.lang.Object, java.lang.Object, int)'> (0x00000000c3c60890) 
thrown [s\src\hotspot\share\interpreter\linkResolver.cpp, line 759]
Event: 7.004 Thread 0x00000225aca19970 Exception <a 'java/lang/NoSuchMethodError'{0x00000000c3c64458}: 'java.lang.Object java.lang.invoke.Invokers$Holder.linkToTargetMethod(java.lang.Object, java.lang.Object, int, java.lang.Object)'> (0x00000000c3c64458) 
thrown [s\src\hotspot\share\interpreter\linkResolver.cpp, line 759]
Event: 7.366 Thread 0x00000225bd07f0a0 Exception <a 'java/lang/NoSuchMethodError'{0x00000000c3126580}: 'java.lang.Object java.lang.invoke.DirectMethodHandle$Holder.invokeStatic(java.lang.Object, int, java.lang.Object)'> (0x00000000c3126580) 
thrown [s\src\hotspot\share\interpreter\linkResolver.cpp, line 759]
Event: 47.030 Thread 0x00000225b7b4ae20 Exception <a 'java/lang/NoSuchMethodError'{0x00000000c3dece78}: 'void java.lang.invoke.DirectMethodHandle$Holder.invokeStatic(java.lang.Object, long)'> (0x00000000c3dece78) 
thrown [s\src\hotspot\share\interpreter\linkResolver.cpp, line 759]
Event: 47.032 Thread 0x00000225b7b4ae20 Exception <a 'java/lang/NoSuchMethodError'{0x00000000c3df2220}: 'java.lang.Object java.lang.invoke.DirectMethodHandle$Holder.newInvokeSpecial(java.lang.Object, long)'> (0x00000000c3df2220) 
thrown [s\src\hotspot\share\interpreter\linkResolver.cpp, line 759]

VM Operations (20 events):
Event: 6.970 Executing VM operation: HandshakeAllThreads done
Event: 7.030 Executing VM operation: HandshakeAllThreads
Event: 7.030 Executing VM operation: HandshakeAllThreads done
Event: 7.036 Executing VM operation: HandshakeAllThreads
Event: 7.036 Executing VM operation: HandshakeAllThreads done
Event: 7.412 Executing VM operation: HandshakeAllThreads
Event: 7.412 Executing VM operation: HandshakeAllThreads done
Event: 8.413 Executing VM operation: Cleanup
Event: 8.413 Executing VM operation: Cleanup done
Event: 27.529 Executing VM operation: Cleanup
Event: 27.529 Executing VM operation: Cleanup done
Event: 47.034 Executing VM operation: HandshakeAllThreads
Event: 47.034 Executing VM operation: HandshakeAllThreads done
Event: 47.383 Executing VM operation: G1CollectFull
Event: 47.462 Executing VM operation: G1CollectFull done
Event: 57.783 Executing VM operation: G1CollectFull
Event: 57.822 Executing VM operation: G1CollectFull done
Event: 60.045 Executing VM operation: HandshakeAllThreads
Event: 60.045 Executing VM operation: HandshakeAllThreads done
Event: 68.272 Executing VM operation: G1CollectFull

Events (20 events):
Event: 0.484 Thread 0x00000225b7bfa8c0 Thread added: 0x00000225b7bfa8c0
Event: 0.485 Thread 0x00000225b7bfde00 Thread added: 0x00000225b7bfde00
Event: 0.485 Thread 0x00000225b7bfe320 Thread added: 0x00000225b7bfe320
Event: 0.490 Thread 0x00000225b7bfea10 Thread added: 0x00000225b7bfea10
Event: 0.498 Thread 0x00000225b7bff340 Thread added: 0x00000225b7bff340
Event: 2.925 Thread 0x00000225bcc09f00 Thread added: 0x00000225bcc09f00
Event: 3.641 Thread 0x00000225bcc09f00 Thread exited: 0x00000225bcc09f00
Event: 4.375 Thread 0x00000225bce00840 Thread added: 0x00000225bce00840
Event: 4.376 Thread 0x00000225bce00840 Thread exited: 0x00000225bce00840
Event: 6.888 Thread 0x00000225bd312720 Thread added: 0x00000225bd312720
Event: 6.979 Thread 0x00000225b7b4ae20 Thread added: 0x00000225b7b4ae20
Event: 7.043 Thread 0x00000225bc5e8030 Thread added: 0x00000225bc5e8030
Event: 7.044 Thread 0x00000225aca19970 Thread exited: 0x00000225aca19970
Event: 7.044 Thread 0x00000225aca19970 Thread added: 0x00000225aca19970
Event: 7.153 Thread 0x00000225bd3ba310 Thread added: 0x00000225bd3ba310
Event: 7.354 Thread 0x00000225bd07f0a0 Thread added: 0x00000225bd07f0a0
Event: 7.401 Thread 0x00000225bd512a80 Thread added: 0x00000225bd512a80
Event: 12.427 Thread 0x00000225b7bfe320 Thread exited: 0x00000225b7bfe320
Event: 12.427 Thread 0x00000225b7bfde00 Thread exited: 0x00000225b7bfde00
Event: 12.427 Thread 0x00000225b7bfa8c0 Thread exited: 0x00000225b7bfa8c0


Dynamic libraries:
0x00007ff7962d0000 - 0x00007ff7962de000 	c:\Users\VM\.vscode\extensions\redhat.java-1.35.2024083008-win32-x64\jre\17.0.12-win32-x86_64\bin\java.exe
0x00007ffa73110000 - 0x00007ffa73327000 	C:\WINDOWS\SYSTEM32\ntdll.dll
0x00007ffa71de0000 - 0x00007ffa71ea4000 	C:\WINDOWS\System32\KERNEL32.DLL
0x00007ffa70720000 - 0x00007ffa70acd000 	C:\WINDOWS\System32\KERNELBASE.dll
0x00007ffa70460000 - 0x00007ffa70571000 	C:\WINDOWS\System32\ucrtbase.dll
0x00007ffa0aff0000 - 0x00007ffa0b007000 	c:\Users\VM\.vscode\extensions\redhat.java-1.35.2024083008-win32-x64\jre\17.0.12-win32-x86_64\bin\jli.dll
0x00007ffa01600000 - 0x00007ffa0161b000 	c:\Users\VM\.vscode\extensions\redhat.java-1.35.2024083008-win32-x64\jre\17.0.12-win32-x86_64\bin\VCRUNTIME140.dll
0x00007ffa71970000 - 0x00007ffa71b1e000 	C:\WINDOWS\System32\USER32.dll
0x00007ffa70580000 - 0x00007ffa705a6000 	C:\WINDOWS\System32\win32u.dll
0x00007ffa71760000 - 0x00007ffa71789000 	C:\WINDOWS\System32\GDI32.dll
0x00007ffa70d20000 - 0x00007ffa70e39000 	C:\WINDOWS\System32\gdi32full.dll
0x00007ffa70b90000 - 0x00007ffa70c2a000 	C:\WINDOWS\System32\msvcp_win.dll
0x00007ffa562e0000 - 0x00007ffa56573000 	C:\WINDOWS\WinSxS\amd64_microsoft.windows.common-controls_6595b64144ccf1df_6.0.22621.3672_none_2713b9d173822955\COMCTL32.dll
0x00007ffa70e40000 - 0x00007ffa70ee7000 	C:\WINDOWS\System32\msvcrt.dll
0x00007ffa718a0000 - 0x00007ffa718d1000 	C:\WINDOWS\System32\IMM32.DLL
0x00007ffa168f0000 - 0x00007ffa168fc000 	c:\Users\VM\.vscode\extensions\redhat.java-1.35.2024083008-win32-x64\jre\17.0.12-win32-x86_64\bin\vcruntime140_1.dll
0x00007ff9bc1b0000 - 0x00007ff9bc23d000 	c:\Users\VM\.vscode\extensions\redhat.java-1.35.2024083008-win32-x64\jre\17.0.12-win32-x86_64\bin\msvcp140.dll
0x00007ff99d9f0000 - 0x00007ff99e65a000 	c:\Users\VM\.vscode\extensions\redhat.java-1.35.2024083008-win32-x64\jre\17.0.12-win32-x86_64\bin\server\jvm.dll
0x00007ffa722f0000 - 0x00007ffa723a2000 	C:\WINDOWS\System32\ADVAPI32.dll
0x00007ffa73020000 - 0x00007ffa730c9000 	C:\WINDOWS\System32\sechost.dll
0x00007ffa70430000 - 0x00007ffa70458000 	C:\WINDOWS\System32\bcrypt.dll
0x00007ffa72600000 - 0x00007ffa72714000 	C:\WINDOWS\System32\RPCRT4.dll
0x00007ffa718e0000 - 0x00007ffa71951000 	C:\WINDOWS\System32\WS2_32.dll
0x00007ffa66bb0000 - 0x00007ffa66be4000 	C:\WINDOWS\SYSTEM32\WINMM.dll
0x00007ffa6fd60000 - 0x00007ffa6fdad000 	C:\WINDOWS\SYSTEM32\POWRPROF.dll
0x00007ffa66e80000 - 0x00007ffa66e8a000 	C:\WINDOWS\SYSTEM32\VERSION.dll
0x00007ffa6fd40000 - 0x00007ffa6fd53000 	C:\WINDOWS\SYSTEM32\UMPDC.dll
0x00007ffa6f440000 - 0x00007ffa6f458000 	C:\WINDOWS\SYSTEM32\kernel.appcore.dll
0x00007ffa14830000 - 0x00007ffa1483a000 	c:\Users\VM\.vscode\extensions\redhat.java-1.35.2024083008-win32-x64\jre\17.0.12-win32-x86_64\bin\jimage.dll
0x00007ffa6bac0000 - 0x00007ffa6bcf2000 	C:\WINDOWS\SYSTEM32\DBGHELP.DLL
0x00007ffa71f60000 - 0x00007ffa722ee000 	C:\WINDOWS\System32\combase.dll
0x00007ffa723c0000 - 0x00007ffa72497000 	C:\WINDOWS\System32\OLEAUT32.dll
0x00007ffa649a0000 - 0x00007ffa649d2000 	C:\WINDOWS\SYSTEM32\dbgcore.DLL
0x00007ffa70c30000 - 0x00007ffa70cab000 	C:\WINDOWS\System32\bcryptPrimitives.dll
0x00007ffa01110000 - 0x00007ffa01135000 	c:\Users\VM\.vscode\extensions\redhat.java-1.35.2024083008-win32-x64\jre\17.0.12-win32-x86_64\bin\java.dll
0x00007ffa015e0000 - 0x00007ffa015f8000 	c:\Users\VM\.vscode\extensions\redhat.java-1.35.2024083008-win32-x64\jre\17.0.12-win32-x86_64\bin\zip.dll
0x00007ffa70ef0000 - 0x00007ffa71757000 	C:\WINDOWS\System32\SHELL32.dll
0x00007ffa6e360000 - 0x00007ffa6ec5f000 	C:\WINDOWS\SYSTEM32\windows.storage.dll
0x00007ffa6e220000 - 0x00007ffa6e35f000 	C:\WINDOWS\SYSTEM32\wintypes.dll
0x00007ffa724a0000 - 0x00007ffa72599000 	C:\WINDOWS\System32\SHCORE.dll
0x00007ffa727b0000 - 0x00007ffa7280e000 	C:\WINDOWS\System32\shlwapi.dll
0x00007ffa70360000 - 0x00007ffa70387000 	C:\WINDOWS\SYSTEM32\profapi.dll
0x00007ffa010f0000 - 0x00007ffa01109000 	C:\Users\VM\.vscode\extensions\redhat.java-1.35.2024083008-win32-x64\jre\17.0.12-win32-x86_64\bin\net.dll
0x00007ffa66ed0000 - 0x00007ffa67006000 	C:\WINDOWS\SYSTEM32\WINHTTP.dll
0x00007ffa6f8a0000 - 0x00007ffa6f909000 	C:\WINDOWS\system32\mswsock.dll
0x00007ff9c10f0000 - 0x00007ff9c1106000 	C:\Users\VM\.vscode\extensions\redhat.java-1.35.2024083008-win32-x64\jre\17.0.12-win32-x86_64\bin\nio.dll
0x00007ffa0afe0000 - 0x00007ffa0aff0000 	c:\Users\VM\.vscode\extensions\redhat.java-1.35.2024083008-win32-x64\jre\17.0.12-win32-x86_64\bin\verify.dll
0x00007ffa6fbf0000 - 0x00007ffa6fc0b000 	C:\WINDOWS\SYSTEM32\CRYPTSP.dll
0x00007ffa6f3a0000 - 0x00007ffa6f3d5000 	C:\WINDOWS\system32\rsaenh.dll
0x00007ffa6f940000 - 0x00007ffa6f968000 	C:\WINDOWS\SYSTEM32\USERENV.dll
0x00007ffa6fbd0000 - 0x00007ffa6fbdc000 	C:\WINDOWS\SYSTEM32\CRYPTBASE.dll
0x00007ffa6eec0000 - 0x00007ffa6eeed000 	C:\WINDOWS\SYSTEM32\IPHLPAPI.DLL
0x00007ffa71f50000 - 0x00007ffa71f59000 	C:\WINDOWS\System32\NSI.dll
0x00007ffa67220000 - 0x00007ffa67239000 	C:\WINDOWS\SYSTEM32\dhcpcsvc6.DLL
0x00007ffa66eb0000 - 0x00007ffa66ecf000 	C:\WINDOWS\SYSTEM32\dhcpcsvc.DLL
0x00007ffa6ef30000 - 0x00007ffa6f028000 	C:\WINDOWS\SYSTEM32\DNSAPI.dll
0x00007ffa66bf0000 - 0x00007ffa66bf9000 	C:\Users\VM\.vscode\extensions\redhat.java-1.35.2024083008-win32-x64\jre\17.0.12-win32-x86_64\bin\management.dll
0x00007ffa35d30000 - 0x00007ffa35d3b000 	C:\Users\VM\.vscode\extensions\redhat.java-1.35.2024083008-win32-x64\jre\17.0.12-win32-x86_64\bin\management_ext.dll
0x00007ffa71790000 - 0x00007ffa71798000 	C:\WINDOWS\System32\PSAPI.DLL

dbghelp: loaded successfully - version: 4.0.5 - missing functions: none
symbol engine: initialized successfully - sym options: 0x614 - pdb path: .;c:\Users\VM\.vscode\extensions\redhat.java-1.35.2024083008-win32-x64\jre\17.0.12-win32-x86_64\bin;C:\WINDOWS\SYSTEM32;C:\WINDOWS\WinSxS\amd64_microsoft.windows.common-controls_6595b64144ccf1df_6.0.22621.3672_none_2713b9d173822955;c:\Users\VM\.vscode\extensions\redhat.java-1.35.2024083008-win32-x64\jre\17.0.12-win32-x86_64\bin\server

VM Arguments:
jvm_args: -Xmx1024m -Dsts.lsp.client=vscode -Dsts.log.file=/dev/null -XX:TieredStopAtLevel=1 -Xlog:jni+resolve=off -Dspring.config.location=file:c:\Users\VM\.vscode\extensions\vmware.vscode-spring-boot-1.56.0\language-server\BOOT-INF\classes\application.properties 
java_command: org.springframework.ide.vscode.boot.app.BootLanguageServerBootApp
java_class_path (initial): c:\Users\VM\.vscode\extensions\vmware.vscode-spring-boot-1.56.0\language-server\BOOT-INF\classes;c:\Users\VM\.vscode\extensions\vmware.vscode-spring-boot-1.56.0\language-server\BOOT-INF\lib\annotations-24.1.0.jar;c:\Users\VM\.vscode\extensions\vmware.vscode-spring-boot-1.56.0\language-server\BOOT-INF\lib\antlr4-runtime-4.13.1.jar;c:\Users\VM\.vscode\extensions\vmware.vscode-spring-boot-1.56.0\language-server\BOOT-INF\lib\asm-9.7.jar;c:\Users\VM\.vscode\extensions\vmware.vscode-spring-boot-1.56.0\language-server\BOOT-INF\lib\asm-analysis-9.7.jar;c:\Users\VM\.vscode\extensions\vmware.vscode-spring-boot-1.56.0\language-server\BOOT-INF\lib\asm-tree-9.7.jar;c:\Users\VM\.vscode\extensions\vmware.vscode-spring-boot-1.56.0\language-server\BOOT-INF\lib\asm-util-9.7.jar;c:\Users\VM\.vscode\extensions\vmware.vscode-spring-boot-1.56.0\language-server\BOOT-INF\lib\caffeine-3.1.8.jar;c:\Users\VM\.vscode\extensions\vmware.vscode-spring-boot-1.56.0\language-server\BOOT-INF\lib\checker-qual-3.12.0.jar;c:\Users\VM\.vscode\extensions\vmware.vscode-spring-boot-1.56.0\language-server\BOOT-INF\lib\classgraph-4.8.149.jar;c:\Users\VM\.vscode\extensions\vmware.vscode-spring-boot-1.56.0\language-server\BOOT-INF\lib\commons-codec-1.16.1.jar;c:\Users\VM\.vscode\extensions\vmware.vscode-spring-boot-1.56.0\language-server\BOOT-INF\lib\commons-compress-1.26.2.jar;c:\Users\VM\.vscode\extensions\vmware.vscode-spring-boot-1.56.0\language-server\BOOT-INF\lib\commons-io-2.16.1.jar;c:\Users\VM\.vscode\extensions\vmware.vscode-spring-boot-1.56.0\language-server\BOOT-INF\lib\commons-java-1.56.0-SNAPSHOT.jar;c:\Users\VM\.vscode\extensions\vmware.vscode-spring-boot-1.56.0\language-server\BOOT-INF\lib\commons-lang3-3.14.0.jar;c:\Users\VM\.vscode\extensions\vmware.vscode-spring-boot-1.56.0\language-server\BOOT-INF\lib\commons-language-server-1.56.0-SNAPSHOT.jar;c:\Users\VM\.vscode\extensions\vmware.vscode-spring-boot-1.56.0\language-server\BOOT-INF\lib\commons-lsp-extensions-1.56
Launcher Type: SUN_STANDARD

[Global flags]
     intx CICompilerCount                          = 4                                         {product} {ergonomic}
     uint ConcGCThreads                            = 2                                         {product} {ergonomic}
     uint G1ConcRefinementThreads                  = 8                                         {product} {ergonomic}
   size_t G1HeapRegionSize                         = 1048576                                   {product} {ergonomic}
    uintx GCDrainStackTargetSize                   = 64                                        {product} {ergonomic}
   size_t InitialHeapSize                          = 113246208                                 {product} {ergonomic}
   size_t MarkStackSize                            = 4194304                                   {product} {ergonomic}
   size_t MaxHeapSize                              = 1073741824                                {product} {command line}
   size_t MaxNewSize                               = 643825664                                 {product} {ergonomic}
   size_t MinHeapDeltaBytes                        = 1048576                                   {product} {ergonomic}
   size_t MinHeapSize                              = 8388608                                   {product} {ergonomic}
    uintx NonProfiledCodeHeapSize                  = 0                                      {pd product} {ergonomic}
     bool ProfileInterpreter                       = false                                  {pd product} {command line}
    uintx ProfiledCodeHeapSize                     = 0                                      {pd product} {ergonomic}
   size_t SoftMaxHeapSize                          = 1073741824                             {manageable} {ergonomic}
     intx TieredStopAtLevel                        = 1                                         {product} {command line}
     bool UseCompressedClassPointers               = true                           {product lp64_product} {ergonomic}
     bool UseCompressedOops                        = true                           {product lp64_product} {ergonomic}
     bool UseG1GC                                  = true                                      {product} {ergonomic}
     bool UseLargePagesIndividualAllocation        = false                                  {pd product} {ergonomic}

Logging:
Log output configuration:
 #0: stdout all=warning,jni+resolve=off uptime,level,tags
 #1: stderr all=off uptime,level,tags

Environment Variables:
JAVA_HOME=C:\Program Files\Java\jdk-17
PATH=C:\Program Files\Java\jdk-17\bin;C:\app\VM\product\12.2.0\dbhome_1\bin;C:\oraclexe\app\oracle\product\10.2.0\server\bin;C:\Python311\Scripts\;C:\Python311\;C:\Program Files\Common Files\Oracle\Java\javapath;C:\Program Files (x86)\Common Files\Oracle\Java\java8path;C:\Program Files (x86)\Common Files\Oracle\Java\javapath;C:\WINDOWS\system32;C:\WINDOWS;C:\WINDOWS\System32\Wbem;C:\WINDOWS\System32\WindowsPowerShell\v1.0\;C:\WINDOWS\System32\OpenSSH\;C:\Program Files\Calibre2\;C:\Program Files\Ampps\php74;C:\ProgramData\ComposerSetup\bin;C:\Users\VM\Desktop\Entorno Virtual Jupyter\clases_dc\Scripts\python.exe;C:\Program Files\dotnet\;C:\Program Files\nodejs\;C:\ProgramData\chocolatey\bin;C:\Program Files (x86)\Common Files\Acronis\SnapAPI\;C:\Program Files (x86)\Common Files\Acronis\VirtualFile\;C:\Program Files (x86)\Common Files\Acronis\VirtualFile64\;C:\Program Files (x86)\Common Files\Acronis\FileProtector\;C:\Program Files (x86)\Common Files\Acronis\FileProtector64\;C:\Program Files\Java\jdk-17\bin;C:\Maven\apache-maven-3.8.3\bin\bin;C:\Maven\apache-maven-3.8.3\bin;C:\Program Files\PuTTY\;C:\Program Files\Docker\Docker\resources\bin;C:\Program Files (x86)\GitExtensions\;C:\Program Files\Git\cmd;C:\Users\VM\.jbang\bin;C:\Program Files\MySQL\MySQL Shell 8.0\bin\;C:\Users\VM\anaconda3;C:\Users\VM\anaconda3\Library\mingw-w64\bin;C:\Users\VM\anaconda3\Library\usr\bin;C:\Users\VM\anaconda3\Library\bin;C:\Users\VM\anaconda3\Scripts;C:\Users\VM\AppData\Local\Microsoft\WindowsApps;C:\Users\VM\AppData\Local\Programs\Microsoft VS Code\bin;C:\Program Files\JetBrains\PyCharm Community Edition 2021.3.2\bin;C:\Users\VM\AppData\Roaming\Composer\vendor\bin;C:\Users\VM\AppData\Roaming\npm;C:\Users\VM\AppData\Local\GitHubDesktop\bin;C:\Program Files\JetBrains\IntelliJ IDEA Community Edition 2023.3.2\bin;C:\Users\VM\AppData\Local\Programs\oh-my-posh\bin;C:\Program Files\JetBrains\IntelliJ IDEA 2023.1.3\bin;;
USERNAME=VM
OS=Windows_NT
PROCESSOR_IDENTIFIER=Intel64 Family 6 Model 142 Stepping 11, GenuineIntel
TMP=C:\Users\VM\AppData\Local\Temp
TEMP=C:\Users\VM\AppData\Local\Temp



Periodic native trim disabled


---------------  S Y S T E M  ---------------

OS:
 Windows 11 , 64 bit Build 22621 (10.0.22621.3958)
OS uptime: 5 days 2:28 hours
Hyper-V role detected

CPU: total 8 (initial active 8) (4 cores per cpu, 2 threads per core) family 6 model 142 stepping 11 microcode 0xf4, cx8, cmov, fxsr, ht, mmx, 3dnowpref, sse, sse2, sse3, ssse3, sse4.1, sse4.2, popcnt, lzcnt, tsc, tscinvbit, avx, avx2, aes, erms, clmul, bmi1, bmi2, adx, fma, vzeroupper, clflush, clflushopt, hv
Processor Information for all 8 processors :
  Max Mhz: 1800, Current Mhz: 1600, Mhz Limit: 1584

Memory: 4k page, system-wide physical 6808M (292M free)
TotalPageFile size 27288M (AvailPageFile size 8M)
current process WorkingSet (physical memory assigned to process): 108M, peak: 167M
current process commit charge ("private bytes"): 211M, peak: 213M

vm_info: OpenJDK 64-Bit Server VM (17.0.12+7) for windows-amd64 JRE (17.0.12+7), built on Jul 16 2024 22:08:24 by "admin" with MS VC++ 16.10 / 16.11 (VS2019)

END.
