#
# There is insufficient memory for the Java Runtime Environment to continue.
# Native memory allocation (mmap) failed to map 113246208 bytes. Error detail: G1 virtual space
# Possible reasons:
#   The system is out of physical RAM or swap space
#   This process is running with CompressedOops enabled, and the Java Heap may be blocking the growth of the native heap
# Possible solutions:
#   Reduce memory load on the system
#   Increase physical memory or swap space
#   Check if swap backing store is full
#   Decrease Java heap size (-Xmx/-Xms)
#   Decrease number of Java threads
#   Decrease Java thread stack sizes (-Xss)
#   Set larger code cache with -XX:ReservedCodeCacheSize=
#   JVM is running with Unscaled Compressed Oops mode in which the Java heap is
#     placed in the first 4GB address space. The Java Heap base address is the
#     maximum limit for the native heap growth. Please use -XX:HeapBaseMinAddress
#     to set the Java Heap base and to place the Java Heap above 4GB virtual address.
# This output file may be truncated or incomplete.
#
#  Out of Memory Error (os_windows.cpp:3613), pid=3744, tid=25204
#
# JRE version:  (17.0.12+7) (build )
# Java VM: OpenJDK 64-Bit Server VM (17.0.12+7, mixed mode, emulated-client, sharing, tiered, compressed oops, compressed class ptrs, g1 gc, windows-amd64)
# No core dump will be written. Minidumps are not enabled by default on client versions of Windows
#

---------------  S U M M A R Y ------------

Command Line: -Xmx1024m -Dsts.lsp.client=vscode -Dsts.log.file=/dev/null -XX:TieredStopAtLevel=1 -Xlog:jni+resolve=off -Dspring.config.location=file:c:\Users\VM\.vscode\extensions\vmware.vscode-spring-boot-1.56.0\language-server\BOOT-INF\classes\application.properties org.springframework.ide.vscode.boot.app.BootLanguageServerBootApp

Host: Intel(R) Core(TM) i5-8265U CPU @ 1.60GHz, 8 cores, 6G,  Windows 11 , 64 bit Build 22621 (10.0.22621.3958)
Time: Sun Sep  8 12:55:46 2024 Hora estándar central (México) elapsed time: 0.050965 seconds (0d 0h 0m 0s)

---------------  T H R E A D  ---------------

Current thread (0x0000029b45769bb0):  JavaThread "Unknown thread" [_thread_in_vm, id=25204, stack(0x000000d386b00000,0x000000d386c00000)]

Stack: [0x000000d386b00000,0x000000d386c00000]
Native frames: (J=compiled Java code, j=interpreted, Vv=VM code, C=native code)
V  [jvm.dll+0x67f929]
V  [jvm.dll+0x8371ba]
V  [jvm.dll+0x838c7e]
V  [jvm.dll+0x8392e3]
V  [jvm.dll+0x24834f]
V  [jvm.dll+0x67c6e9]
V  [jvm.dll+0x6711aa]
V  [jvm.dll+0x307f7b]
V  [jvm.dll+0x30f476]
V  [jvm.dll+0x35f63e]
V  [jvm.dll+0x35f87f]
V  [jvm.dll+0x2def9c]
V  [jvm.dll+0x2dfef4]
V  [jvm.dll+0x808a4b]
V  [jvm.dll+0x36d3b1]
V  [jvm.dll+0x7e7425]
V  [jvm.dll+0x3f0edf]
V  [jvm.dll+0x3f2a31]
C  [jli.dll+0x528f]
C  [ucrtbase.dll+0x29333]
C  [KERNEL32.DLL+0x1257d]
C  [ntdll.dll+0x5af28]


---------------  P R O C E S S  ---------------

Threads class SMR info:
_java_thread_list=0x00007ff99e526f18, length=0, elements={
}

Java Threads: ( => current thread )

Other Threads:
  0x0000029b457a7cc0 GCTaskThread "GC Thread#0" [stack: 0x000000d386c00000,0x000000d386d00000] [id=24028]
  0x0000029b457b0b20 ConcurrentGCThread "G1 Main Marker" [stack: 0x000000d386d00000,0x000000d386e00000] [id=32004]
  0x0000029b457b2c00 ConcurrentGCThread "G1 Conc#0" [stack: 0x000000d386e00000,0x000000d386f00000] [id=4084]

[error occurred during error reporting (printing all threads), id 0xc0000005, EXCEPTION_ACCESS_VIOLATION (0xc0000005) at pc=0x00007ff99dcdf697]

VM state: not at safepoint (not fully initialized)

VM Mutex/Monitor currently owned by a thread:  ([mutex/lock_event])
[0x0000029b45766d40] Heap_lock - owner thread: 0x0000029b45769bb0

Heap address: 0x00000000c0000000, size: 1024 MB, Compressed Oops mode: 32-bit

CDS archive(s) mapped at: [0x0000000000000000-0x0000000000000000-0x0000000000000000), size 0, SharedBaseAddress: 0x0000000800000000, ArchiveRelocationMode: 1.
Narrow klass base: 0x0000000000000000, Narrow klass shift: 0, Narrow klass range: 0x0

GC Precious Log:
<Empty>

Heap:
 garbage-first heap   total 0K, used 0K [0x00000000c0000000, 0x0000000100000000)
  region size 1024K, 0 young (0K), 0 survivors (0K)

[error occurred during error reporting (printing heap information), id 0xc0000005, EXCEPTION_ACCESS_VIOLATION (0xc0000005) at pc=0x00007ff99e0c8bf9]

GC Heap History (0 events):
No events

Dll operation events (1 events):
Event: 0.032 Loaded shared library c:\Users\VM\.vscode\extensions\redhat.java-1.35.2024083008-win32-x64\jre\17.0.12-win32-x86_64\bin\java.dll

Deoptimization events (0 events):
No events

Classes loaded (0 events):
No events

Classes unloaded (0 events):
No events

Classes redefined (0 events):
No events

Internal exceptions (0 events):
No events

VM Operations (0 events):
No events

Events (0 events):
No events


Dynamic libraries:
0x00007ff7962d0000 - 0x00007ff7962de000 	c:\Users\VM\.vscode\extensions\redhat.java-1.35.2024083008-win32-x64\jre\17.0.12-win32-x86_64\bin\java.exe
0x00007ffa73110000 - 0x00007ffa73327000 	C:\WINDOWS\SYSTEM32\ntdll.dll
0x00007ffa71de0000 - 0x00007ffa71ea4000 	C:\WINDOWS\System32\KERNEL32.DLL
0x00007ffa70720000 - 0x00007ffa70acd000 	C:\WINDOWS\System32\KERNELBASE.dll
0x00007ffa70460000 - 0x00007ffa70571000 	C:\WINDOWS\System32\ucrtbase.dll
0x00007ffa0aff0000 - 0x00007ffa0b007000 	c:\Users\VM\.vscode\extensions\redhat.java-1.35.2024083008-win32-x64\jre\17.0.12-win32-x86_64\bin\jli.dll
0x00007ffa71970000 - 0x00007ffa71b1e000 	C:\WINDOWS\System32\USER32.dll
0x00007ffa01600000 - 0x00007ffa0161b000 	c:\Users\VM\.vscode\extensions\redhat.java-1.35.2024083008-win32-x64\jre\17.0.12-win32-x86_64\bin\VCRUNTIME140.dll
0x00007ffa70580000 - 0x00007ffa705a6000 	C:\WINDOWS\System32\win32u.dll
0x00007ffa71760000 - 0x00007ffa71789000 	C:\WINDOWS\System32\GDI32.dll
0x00007ffa70d20000 - 0x00007ffa70e39000 	C:\WINDOWS\System32\gdi32full.dll
0x00007ffa70b90000 - 0x00007ffa70c2a000 	C:\WINDOWS\System32\msvcp_win.dll
0x00007ffa562e0000 - 0x00007ffa56573000 	C:\WINDOWS\WinSxS\amd64_microsoft.windows.common-controls_6595b64144ccf1df_6.0.22621.3672_none_2713b9d173822955\COMCTL32.dll
0x00007ffa70e40000 - 0x00007ffa70ee7000 	C:\WINDOWS\System32\msvcrt.dll
0x00007ffa718a0000 - 0x00007ffa718d1000 	C:\WINDOWS\System32\IMM32.DLL
0x00007ffa168f0000 - 0x00007ffa168fc000 	c:\Users\VM\.vscode\extensions\redhat.java-1.35.2024083008-win32-x64\jre\17.0.12-win32-x86_64\bin\vcruntime140_1.dll
0x00007ff9bc1b0000 - 0x00007ff9bc23d000 	c:\Users\VM\.vscode\extensions\redhat.java-1.35.2024083008-win32-x64\jre\17.0.12-win32-x86_64\bin\msvcp140.dll
0x00007ff99d9f0000 - 0x00007ff99e65a000 	c:\Users\VM\.vscode\extensions\redhat.java-1.35.2024083008-win32-x64\jre\17.0.12-win32-x86_64\bin\server\jvm.dll
0x00007ffa722f0000 - 0x00007ffa723a2000 	C:\WINDOWS\System32\ADVAPI32.dll
0x00007ffa73020000 - 0x00007ffa730c9000 	C:\WINDOWS\System32\sechost.dll
0x00007ffa70430000 - 0x00007ffa70458000 	C:\WINDOWS\System32\bcrypt.dll
0x00007ffa72600000 - 0x00007ffa72714000 	C:\WINDOWS\System32\RPCRT4.dll
0x00007ffa718e0000 - 0x00007ffa71951000 	C:\WINDOWS\System32\WS2_32.dll
0x00007ffa6fd60000 - 0x00007ffa6fdad000 	C:\WINDOWS\SYSTEM32\POWRPROF.dll
0x00007ffa66e80000 - 0x00007ffa66e8a000 	C:\WINDOWS\SYSTEM32\VERSION.dll
0x00007ffa66bb0000 - 0x00007ffa66be4000 	C:\WINDOWS\SYSTEM32\WINMM.dll
0x00007ffa6fd40000 - 0x00007ffa6fd53000 	C:\WINDOWS\SYSTEM32\UMPDC.dll
0x00007ffa6f440000 - 0x00007ffa6f458000 	C:\WINDOWS\SYSTEM32\kernel.appcore.dll
0x00007ffa14830000 - 0x00007ffa1483a000 	c:\Users\VM\.vscode\extensions\redhat.java-1.35.2024083008-win32-x64\jre\17.0.12-win32-x86_64\bin\jimage.dll
0x00007ffa6bac0000 - 0x00007ffa6bcf2000 	C:\WINDOWS\SYSTEM32\DBGHELP.DLL
0x00007ffa71f60000 - 0x00007ffa722ee000 	C:\WINDOWS\System32\combase.dll
0x00007ffa723c0000 - 0x00007ffa72497000 	C:\WINDOWS\System32\OLEAUT32.dll
0x00007ffa649a0000 - 0x00007ffa649d2000 	C:\WINDOWS\SYSTEM32\dbgcore.DLL
0x00007ffa70c30000 - 0x00007ffa70cab000 	C:\WINDOWS\System32\bcryptPrimitives.dll
0x00007ffa01110000 - 0x00007ffa01135000 	c:\Users\VM\.vscode\extensions\redhat.java-1.35.2024083008-win32-x64\jre\17.0.12-win32-x86_64\bin\java.dll

dbghelp: loaded successfully - version: 4.0.5 - missing functions: none
symbol engine: initialized successfully - sym options: 0x614 - pdb path: .;c:\Users\VM\.vscode\extensions\redhat.java-1.35.2024083008-win32-x64\jre\17.0.12-win32-x86_64\bin;C:\WINDOWS\SYSTEM32;C:\WINDOWS\WinSxS\amd64_microsoft.windows.common-controls_6595b64144ccf1df_6.0.22621.3672_none_2713b9d173822955;c:\Users\VM\.vscode\extensions\redhat.java-1.35.2024083008-win32-x64\jre\17.0.12-win32-x86_64\bin\server

VM Arguments:
jvm_args: -Xmx1024m -Dsts.lsp.client=vscode -Dsts.log.file=/dev/null -XX:TieredStopAtLevel=1 -Xlog:jni+resolve=off -Dspring.config.location=file:c:\Users\VM\.vscode\extensions\vmware.vscode-spring-boot-1.56.0\language-server\BOOT-INF\classes\application.properties 
java_command: org.springframework.ide.vscode.boot.app.BootLanguageServerBootApp
java_class_path (initial): c:\Users\VM\.vscode\extensions\vmware.vscode-spring-boot-1.56.0\language-server\BOOT-INF\classes;c:\Users\VM\.vscode\extensions\vmware.vscode-spring-boot-1.56.0\language-server\BOOT-INF\lib\annotations-24.1.0.jar;c:\Users\VM\.vscode\extensions\vmware.vscode-spring-boot-1.56.0\language-server\BOOT-INF\lib\antlr4-runtime-4.13.1.jar;c:\Users\VM\.vscode\extensions\vmware.vscode-spring-boot-1.56.0\language-server\BOOT-INF\lib\asm-9.7.jar;c:\Users\VM\.vscode\extensions\vmware.vscode-spring-boot-1.56.0\language-server\BOOT-INF\lib\asm-analysis-9.7.jar;c:\Users\VM\.vscode\extensions\vmware.vscode-spring-boot-1.56.0\language-server\BOOT-INF\lib\asm-tree-9.7.jar;c:\Users\VM\.vscode\extensions\vmware.vscode-spring-boot-1.56.0\language-server\BOOT-INF\lib\asm-util-9.7.jar;c:\Users\VM\.vscode\extensions\vmware.vscode-spring-boot-1.56.0\language-server\BOOT-INF\lib\caffeine-3.1.8.jar;c:\Users\VM\.vscode\extensions\vmware.vscode-spring-boot-1.56.0\language-server\BOOT-INF\lib\checker-qual-3.12.0.jar;c:\Users\VM\.vscode\extensions\vmware.vscode-spring-boot-1.56.0\language-server\BOOT-INF\lib\classgraph-4.8.149.jar;c:\Users\VM\.vscode\extensions\vmware.vscode-spring-boot-1.56.0\language-server\BOOT-INF\lib\commons-codec-1.16.1.jar;c:\Users\VM\.vscode\extensions\vmware.vscode-spring-boot-1.56.0\language-server\BOOT-INF\lib\commons-compress-1.26.2.jar;c:\Users\VM\.vscode\extensions\vmware.vscode-spring-boot-1.56.0\language-server\BOOT-INF\lib\commons-io-2.16.1.jar;c:\Users\VM\.vscode\extensions\vmware.vscode-spring-boot-1.56.0\language-server\BOOT-INF\lib\commons-java-1.56.0-SNAPSHOT.jar;c:\Users\VM\.vscode\extensions\vmware.vscode-spring-boot-1.56.0\language-server\BOOT-INF\lib\commons-lang3-3.14.0.jar;c:\Users\VM\.vscode\extensions\vmware.vscode-spring-boot-1.56.0\language-server\BOOT-INF\lib\commons-language-server-1.56.0-SNAPSHOT.jar;c:\Users\VM\.vscode\extensions\vmware.vscode-spring-boot-1.56.0\language-server\BOOT-INF\lib\commons-lsp-extensions-1.56
Launcher Type: SUN_STANDARD

[Global flags]
     intx CICompilerCount                          = 4                                         {product} {ergonomic}
     uint ConcGCThreads                            = 2                                         {product} {ergonomic}
     uint G1ConcRefinementThreads                  = 8                                         {product} {ergonomic}
   size_t G1HeapRegionSize                         = 1048576                                   {product} {ergonomic}
    uintx GCDrainStackTargetSize                   = 64                                        {product} {ergonomic}
   size_t InitialHeapSize                          = 113246208                                 {product} {ergonomic}
   size_t MarkStackSize                            = 4194304                                   {product} {ergonomic}
   size_t MaxHeapSize                              = 1073741824                                {product} {command line}
   size_t MinHeapDeltaBytes                        = 1048576                                   {product} {ergonomic}
   size_t MinHeapSize                              = 8388608                                   {product} {ergonomic}
    uintx NonProfiledCodeHeapSize                  = 0                                      {pd product} {ergonomic}
     bool ProfileInterpreter                       = false                                  {pd product} {command line}
    uintx ProfiledCodeHeapSize                     = 0                                      {pd product} {ergonomic}
   size_t SoftMaxHeapSize                          = 1073741824                             {manageable} {ergonomic}
     intx TieredStopAtLevel                        = 1                                         {product} {command line}
     bool UseCompressedClassPointers               = true                           {product lp64_product} {ergonomic}
     bool UseCompressedOops                        = true                           {product lp64_product} {ergonomic}
     bool UseG1GC                                  = true                                      {product} {ergonomic}
     bool UseLargePagesIndividualAllocation        = false                                  {pd product} {ergonomic}

Logging:
Log output configuration:
 #0: stdout all=warning,jni+resolve=off uptime,level,tags (reconfigured)
 #1: stderr all=off uptime,level,tags

Environment Variables:
JAVA_HOME=C:\Program Files\Java\jdk-17
PATH=C:\Program Files\Java\jdk-17\bin;C:\app\VM\product\12.2.0\dbhome_1\bin;C:\oraclexe\app\oracle\product\10.2.0\server\bin;C:\Python311\Scripts\;C:\Python311\;C:\Program Files\Common Files\Oracle\Java\javapath;C:\Program Files (x86)\Common Files\Oracle\Java\java8path;C:\Program Files (x86)\Common Files\Oracle\Java\javapath;C:\WINDOWS\system32;C:\WINDOWS;C:\WINDOWS\System32\Wbem;C:\WINDOWS\System32\WindowsPowerShell\v1.0\;C:\WINDOWS\System32\OpenSSH\;C:\Program Files\Calibre2\;C:\Program Files\Ampps\php74;C:\ProgramData\ComposerSetup\bin;C:\Users\VM\Desktop\Entorno Virtual Jupyter\clases_dc\Scripts\python.exe;C:\Program Files\dotnet\;C:\Program Files\nodejs\;C:\ProgramData\chocolatey\bin;C:\Program Files (x86)\Common Files\Acronis\SnapAPI\;C:\Program Files (x86)\Common Files\Acronis\VirtualFile\;C:\Program Files (x86)\Common Files\Acronis\VirtualFile64\;C:\Program Files (x86)\Common Files\Acronis\FileProtector\;C:\Program Files (x86)\Common Files\Acronis\FileProtector64\;C:\Program Files\Java\jdk-17\bin;C:\Maven\apache-maven-3.8.3\bin\bin;C:\Maven\apache-maven-3.8.3\bin;C:\Program Files\PuTTY\;C:\Program Files\Docker\Docker\resources\bin;C:\Program Files (x86)\GitExtensions\;C:\Program Files\Git\cmd;C:\Users\VM\.jbang\bin;C:\Program Files\MySQL\MySQL Shell 8.0\bin\;C:\Users\VM\anaconda3;C:\Users\VM\anaconda3\Library\mingw-w64\bin;C:\Users\VM\anaconda3\Library\usr\bin;C:\Users\VM\anaconda3\Library\bin;C:\Users\VM\anaconda3\Scripts;C:\Users\VM\AppData\Local\Microsoft\WindowsApps;C:\Users\VM\AppData\Local\Programs\Microsoft VS Code\bin;C:\Program Files\JetBrains\PyCharm Community Edition 2021.3.2\bin;C:\Users\VM\AppData\Roaming\Composer\vendor\bin;C:\Users\VM\AppData\Roaming\npm;C:\Users\VM\AppData\Local\GitHubDesktop\bin;C:\Program Files\JetBrains\IntelliJ IDEA Community Edition 2023.3.2\bin;C:\Users\VM\AppData\Local\Programs\oh-my-posh\bin;C:\Program Files\JetBrains\IntelliJ IDEA 2023.1.3\bin;;
USERNAME=VM
OS=Windows_NT
PROCESSOR_IDENTIFIER=Intel64 Family 6 Model 142 Stepping 11, GenuineIntel
TMP=C:\Users\VM\AppData\Local\Temp
TEMP=C:\Users\VM\AppData\Local\Temp



Periodic native trim disabled


---------------  S Y S T E M  ---------------

OS:
 Windows 11 , 64 bit Build 22621 (10.0.22621.3958)
OS uptime: 5 days 2:28 hours
Hyper-V role detected

CPU: total 8 (initial active 8) (4 cores per cpu, 2 threads per core) family 6 model 142 stepping 11 microcode 0xf4, cx8, cmov, fxsr, ht, mmx, 3dnowpref, sse, sse2, sse3, ssse3, sse4.1, sse4.2, popcnt, lzcnt, tsc, tscinvbit, avx, avx2, aes, erms, clmul, bmi1, bmi2, adx, fma, vzeroupper, clflush, clflushopt, hv
Processor Information for all 8 processors :
  Max Mhz: 1800, Current Mhz: 1600, Mhz Limit: 1584

Memory: 4k page, system-wide physical 6808M (334M free)
TotalPageFile size 27288M (AvailPageFile size 86M)
current process WorkingSet (physical memory assigned to process): 11M, peak: 11M
current process commit charge ("private bytes"): 55M, peak: 163M

vm_info: OpenJDK 64-Bit Server VM (17.0.12+7) for windows-amd64 JRE (17.0.12+7), built on Jul 16 2024 22:08:24 by "admin" with MS VC++ 16.10 / 16.11 (VS2019)

END.
